     1                                 %line 1+1 itoa.asm
     2                                 
     3                                 
     4                                 
     5                                 
     6                                 
     7                                 [section .data]
     8                                 
     9                                 
    10                                 
    11                                 NULL equ 0
    12                                 EXIT_SUCCESS equ 0
    13                                 SYS_exit equ 60
    14                                 
    15                                 
    16                                 
    17 00000000 DA050000               intNum dd 1498
    18                                 [section .bss]
    19 00000000 <gap>                  strNum resb 10
    20                                 
    21                                 [section .text]
    22                                 [global _start]
    23                                 _start:
    24                                 
    25                                 
    26                                 
    27 00000000 8B0425[00000000]        mov eax, dword [intNum]
    28 00000007 48C7C100000000          mov rcx, 0
    29 0000000E BB0A000000              mov ebx, 10
    30                                 
    31                                 divideLoop:
    32                                 
    33 00000013 BA00000000              mov edx, 0
    34 00000018 F7F3                    div ebx
    35                                 
    36 0000001A 52                      push rdx
    37 0000001B 48FFC1                  inc rcx
    38                                 
    39 0000001E 83F800                  cmp eax, 0
    40 00000021 75EE                    jne divideLoop
    41                                 
    42                                 
    43                                 
    44 00000023 48C7C3[00000000]        mov rbx, strNum
    45 0000002A 48C7C700000000          mov rdi, 0
    46                                 
    47                                 popLoop:
    48                                 
    49 00000031 58                      pop rax
    50                                 
    51 00000032 0430                    add al, "0"
    52                                 
    53 00000034 88043B                  mov byte [rbx + rdi], al
    54 00000037 48FFC7                  inc rdi
    55 0000003A E2F3                    loop popLoop
    56                                 
    57                                 
    58                                 
    59                                 
    60                                  last:
    61                                 
    62 0000003C 48C7C03C000000          mov rax, SYS_exit
    63 00000043 48C7C700000000          mov rdi, EXIT_SUCCESS
    64 0000004A 0F05                    syscall
    65                                 
