     1                                 %line 1+1 itoa2.asm
     2                                 
     3                                 
     4                                 
     5                                 
     6                                 
     7                                 [section .data]
     8                                 
     9                                 
    10                                 
    11                                 NULL equ 0
    12                                 LF equ 10
    13                                 EXIT_SUCCESS equ 0
    14                                 STDIN equ 0
    15                                 STDOUT equ 1
    16                                 SYS_exit equ 60
    17                                 SYS_read equ 0
    18                                 SYS_write equ 1
    19                                 STRLEN equ 20
    20                                 
    21                                 
    22                                 
    23 00000000 0A00                   newLine db LF, NULL
    24 00000002 DA050000               intNum dd 1498
    25 00000006 436F6E76657274696E-    pmpt db "Converting int to char string: ", NULL
    26 00000006 6720696E7420746F20-
    27 00000006 636861722073747269-
    28 00000006 6E673A2000         
    29                                 
    30                                 [section .bss]
    31 00000000 <gap>                  strNum resb 10
    32 0000000A <gap>                  chr resb 1
    33 0000000B <gap>                  inLine resb STRLEN+2
    34                                 
    35                                 
    36                                 [section .text]
    37                                 [global _start]
    38                                 _start:
    39                                 
    40                                 
    41                                 
    42 00000000 48C7C7[00000000]        mov rdi, pmpt
    43 00000007 E879000000              call printString
    44                                 
    45 0000000C 48C7C3[00000000]        mov rbx, inLine
    46 00000013 49C7C400000000          mov r12, 0
    47                                 
    48                                 
    49                                 
    50 0000001A 8B0425[00000000]        mov eax, dword [intNum]
    51 00000021 48C7C100000000          mov rcx, 0
    52 00000028 BB0A000000              mov ebx, 10
    53                                 
    54                                 divideLoop:
    55                                 
    56 0000002D BA00000000              mov edx, 0
    57 00000032 F7F3                    div ebx
    58                                 
    59 00000034 52                      push rdx
    60 00000035 48FFC1                  inc rcx
    61                                 
    62 00000038 83F800                  cmp eax, 0
    63 0000003B 75EE                    jne divideLoop
    64                                 
    65                                 
    66                                 
    67 0000003D 48C7C3[00000000]        mov rbx, strNum
    68 00000044 48C7C700000000          mov rdi, 0
    69                                 
    70                                 popLoop:
    71                                 
    72 0000004B 58                      pop rax
    73                                 
    74 0000004C 0430                    add al, "0"
    75                                 
    76 0000004E 88043B                  mov byte [rbx + rdi], al
    77 00000051 48FFC7                  inc rdi
    78 00000054 E2F3                    loop popLoop
    79                                 
    80                                 
    81                                 
    82                                 
    83 00000056 48C7C7[00000000]        mov rdi, newLine
    84 0000005D E823000000              call printString
    85                                 
    86 00000062 48C7C7[00000000]        mov rdi, strNum
    87 00000069 E817000000              call printString
    88                                 
    89 0000006E 48C7C7[00000000]        mov rdi, newLine
    90 00000075 E80B000000              call printString
    91                                 
    92                                 
    93                                 
    94                                  last:
    95                                 
    96 0000007A 48C7C03C000000          mov rax, SYS_exit
    97 00000081 48C7C700000000          mov rdi, EXIT_SUCCESS
    98 00000088 0F05                    syscall
    99                                 
   100                                 
   101                                 
   102                                 
   103                                 [global printString]
   104                                 printString:
   105                                 
   106 0000008A 53                      push rbx
   107                                 
   108                                 
   109                                 
   110 0000008B 4889FB                  mov rbx, rdi
   111 0000008E 48C7C200000000          mov rdx, 0
   112                                 
   113                                 strCountLoop:
   114                                 
   115 00000095 803B00                  cmp byte [rbx], NULL
   116 00000098 7406                    je strCountDone
   117 0000009A 48FFC2                  inc rdx
   118 0000009D 48FFC3                  inc rbx
   119 000000A0 EBF1                    jmp strCountLoop
   120                                 
   121                                 strCountDone:
   122                                 
   123 000000A2 4883FA00                cmp rdx, 0
   124 000000A6 7411                    je prtDone
   125                                 
   126                                 
   127                                 
   128 000000A8 48C7C001000000          mov rax, SYS_write
   129 000000AF 4889FE                  mov rsi, rdi
   130 000000B2 48C7C701000000          mov rdi, STDOUT
   131                                 
   132 000000B9 0F05                    syscall
   133                                 
   134                                 prtDone:
   135                                 
   136 000000BB 5B                      pop rbx
   137 000000BC C3                      ret
   138                                 
